<?xml version="1.0" encoding="UTF-8"?>
<!-- Generated by org.testng.reporters.JUnitReportReporter -->
<testsuite hostname="BDC7-L-1WGB103" failures="0" tests="1" name="NewTest" time="0.023" errors="0" timestamp="2022-04-21T15:25:44 EDT" skipped="0">
  <testcase classname="NewTest" name="f" time="0.023"/>
  <system-out/>
</testsuite> <!-- NewTest -->
