<?xml version="1.0" encoding="UTF-8"?>
<!-- Generated by org.testng.reporters.JUnitReportReporter -->
<testsuite hostname="BDC7-L-1WGB103" failures="0" tests="1" name="testPages.testOneTest" time="1.211" errors="0" timestamp="2022-04-22T10:59:39 EDT" skipped="0">
  <testcase classname="testPages.testOneTest" name="fun2" time="1.211"/>
  <system-out/>
</testsuite> <!-- testPages.testOneTest -->
