<?xml version="1.0" encoding="UTF-8"?>
<!-- Generated by org.testng.reporters.JUnitReportReporter -->
<testsuite hostname="BDC7-L-1WGB103" failures="0" tests="1" name="addPack1.NewTest" time="0.003" errors="0" timestamp="2022-04-21T18:49:44 EDT" skipped="0">
  <testcase classname="addPack1.NewTest" name="func1" time="0.003"/>
  <system-out/>
</testsuite> <!-- addPack1.NewTest -->
